C:\Program Files (x86)\Microsoft Visual Studio\2019\Community\MSBuild\Microsoft\VC\v160\Microsoft.CppBuild.targets(476,5): warning MSB8004: Intermediate Directory does not end with a trailing slash.  This build instance will add the slash as it is required to allow proper evaluation of the Intermediate Directory.
C:\Program Files (x86)\Microsoft Visual Studio\2019\Community\MSBuild\Microsoft\VC\v160\Microsoft.CppBuild.targets(477,5): warning MSB8004: Output Directory does not end with a trailing slash.  This build instance will add the slash as it is required to allow proper evaluation of the Output Directory.
C:\Program Files (x86)\Microsoft Visual Studio\2019\Community\MSBuild\Microsoft\VC\v160\Microsoft.CppBuild.targets(491,5): warning MSB8028: The intermediate directory (C:\Users\jak_h\Desktop\BatchHaven\build\intermediates\Release\Win32\) contains files shared from another project (CrossFill.vcxproj, Raycasting.vcxproj).  This can lead to incorrect clean and rebuild behavior.
  RenderList.cpp
C:\Users\jak_h\Desktop\BatchHaven\src\engine\RenderList.cpp(104,10): warning C4101: 'array2': unreferenced local variable
C:\Users\jak_h\Desktop\BatchHaven\src\engine\RenderList.cpp(105,10): warning C4101: 'array3': unreferenced local variable
C:\Users\jak_h\Desktop\BatchHaven\src\engine\RenderList.cpp(103,10): warning C4101: 'array1': unreferenced local variable
C:\Users\jak_h\Desktop\BatchHaven\src\engine\RenderList.cpp(153,113): warning C4244: 'argument': conversion from 'int' to 'float', possible loss of data
C:\Users\jak_h\Desktop\BatchHaven\src\engine\RenderList.cpp(153,73): warning C4244: 'argument': conversion from 'int' to 'float', possible loss of data
C:\Users\jak_h\Desktop\BatchHaven\src\engine\RenderList.cpp(185,116): warning C4244: 'argument': conversion from 'int' to 'float', possible loss of data
C:\Users\jak_h\Desktop\BatchHaven\src\engine\RenderList.cpp(185,76): warning C4244: 'argument': conversion from 'int' to 'float', possible loss of data
C:\Users\jak_h\Desktop\BatchHaven\src\engine\RenderList.cpp(305,23): warning C4018: '<': signed/unsigned mismatch
C:\Users\jak_h\Desktop\BatchHaven\src\engine\RenderList.cpp(327,14): warning C4244: 'initializing': conversion from 'float' to 'int', possible loss of data
C:\Users\jak_h\Desktop\BatchHaven\src\engine\RenderList.cpp(328,23): warning C4018: '<': signed/unsigned mismatch
C:\Users\jak_h\Desktop\BatchHaven\src\engine\RenderList.cpp(359,14): warning C4244: 'initializing': conversion from 'float' to 'int', possible loss of data
C:\Users\jak_h\Desktop\BatchHaven\src\engine\RenderList.cpp(382,59): warning C4244: 'argument': conversion from 'float' to 'GLsizei', possible loss of data
C:\Users\jak_h\Desktop\BatchHaven\src\engine\RenderList.cpp(382,38): warning C4244: 'argument': conversion from 'float' to 'GLsizei', possible loss of data
C:\Users\jak_h\Desktop\BatchHaven\src\engine\RenderList.cpp(408,88): warning C4244: 'argument': conversion from 'int' to 'float', possible loss of data
C:\Users\jak_h\Desktop\BatchHaven\src\engine\RenderList.cpp(408,66): warning C4244: 'argument': conversion from 'int' to 'float', possible loss of data
C:\Users\jak_h\Desktop\BatchHaven\src\engine\RenderList.cpp(426,23): warning C4018: '<': signed/unsigned mismatch
C:\Users\jak_h\Desktop\BatchHaven\src\engine\RenderList.cpp(433,23): warning C4018: '<': signed/unsigned mismatch
C:\Users\jak_h\Desktop\BatchHaven\src\engine\RenderList.cpp(487,27): warning C4244: '=': conversion from 'int' to 'float', possible loss of data
LINK : warning LNK4098: defaultlib 'LIBCMT' conflicts with use of other libs; use /NODEFAULTLIB:library
  Generating code
  3 of 1696 functions ( 0.2%) were compiled, the rest were copied from previous compilation.
    0 functions were new in current compilation
    9 functions had inline decision re-evaluated but remain unchanged
  Finished generating code
glew32s.lib(glew.obj) : warning LNK4099: PDB 'vc120.pdb' was not found with 'glew32s.lib(glew.obj)' or at 'C:\Users\jak_h\Desktop\BatchHaven\build\Release\Win32\vc120.pdb'; linking object as if no debug info
  BatchHaven.vcxproj -> C:\Users\jak_h\Desktop\BatchHaven\build\Release\Win32\BatchHaven.exe
